0 info it worked if it ends with ok
1 verbose cli [ 'C:\\Program Files\\nodejs\\node.exe',
1 verbose cli   'C:\\Program Files\\nodejs\\node_modules\\npm\\bin\\npm-cli.js',
1 verbose cli   'run',
1 verbose cli   'dev' ]
2 info using npm@6.2.0
3 info using node@v10.8.0
4 verbose run-script [ 'predev', 'dev', 'postdev' ]
5 info lifecycle project@1.0.0~predev: project@1.0.0
6 info lifecycle project@1.0.0~dev: project@1.0.0
7 verbose lifecycle project@1.0.0~dev: unsafe-perm in lifecycle true
8 verbose lifecycle project@1.0.0~dev: PATH: C:\Program Files\nodejs\node_modules\npm\node_modules\npm-lifecycle\node-gyp-bin;D:\实训一\16ling9A_fourGroup\project\node_modules\.bin;C:\Windows\system32;C:\Windows;C:\Windows\System32\Wbem;C:\Windows\System32\WindowsPowerShell\v1.0\;C:\Program Files (x86)\NVIDIA Corporation\PhysX\Common;C:\WINDOWS\system32;C:\WINDOWS;C:\WINDOWS\System32\Wbem;C:\WINDOWS\System32\WindowsPowerShell\v1.0\;C:\WINDOWS\System32\OpenSSH\;C:\Program Files (x86)\Microsoft VS Code\bin;C:\Program Files\nodejs;C:\Users\温艳会\AppData\Roaming\npm;C:;Users\温艳会\AppData\Roaming\npm\node_modules;C:;C:\wamp\bin\mysql\mysql5.5.20\bin;C:\Program Files\Git\cmd;C:\Users\温艳会\AppData\Local\Microsoft\WindowsApps;;C:\Program Files (x86)\Microsoft VS Code\bin;C:\Users\温艳会\AppData\Roaming\npm
9 verbose lifecycle project@1.0.0~dev: CWD: D:\实训一\16ling9A_fourGroup\project
10 silly lifecycle project@1.0.0~dev: Args: [ '/d /s /c',
10 silly lifecycle   'webpack-dev-server --inline --progress --config build/webpack.dev.conf.js' ]
11 silly lifecycle project@1.0.0~dev: Returned: code: 1  signal: null
12 info lifecycle project@1.0.0~dev: Failed to exec dev script
13 verbose stack Error: project@1.0.0 dev: `webpack-dev-server --inline --progress --config build/webpack.dev.conf.js`
13 verbose stack Exit status 1
13 verbose stack     at EventEmitter.<anonymous> (C:\Program Files\nodejs\node_modules\npm\node_modules\npm-lifecycle\index.js:304:16)
13 verbose stack     at EventEmitter.emit (events.js:182:13)
13 verbose stack     at ChildProcess.<anonymous> (C:\Program Files\nodejs\node_modules\npm\node_modules\npm-lifecycle\lib\spawn.js:55:14)
13 verbose stack     at ChildProcess.emit (events.js:182:13)
13 verbose stack     at maybeClose (internal/child_process.js:962:16)
13 verbose stack     at Process.ChildProcess._handle.onexit (internal/child_process.js:249:5)
14 verbose pkgid project@1.0.0
15 verbose cwd D:\实训一\16ling9A_fourGroup\project
16 verbose Windows_NT 10.0.17134
17 verbose argv "C:\\Program Files\\nodejs\\node.exe" "C:\\Program Files\\nodejs\\node_modules\\npm\\bin\\npm-cli.js" "run" "dev"
18 verbose node v10.8.0
19 verbose npm  v6.2.0
20 error code ELIFECYCLE
21 error errno 1
22 error project@1.0.0 dev: `webpack-dev-server --inline --progress --config build/webpack.dev.conf.js`
22 error Exit status 1
23 error Failed at the project@1.0.0 dev script.
23 error This is probably not a problem with npm. There is likely additional logging output above.
24 verbose exit [ 1, true ]
